\BOOKMARK [0][-]{chapter*.1}{\376\377\000P\000r\000e\000f\000a\000c\000e}{}% 1
\BOOKMARK [1][-]{section*.2}{\376\377\000A\000n\000n\000o\000t\000a\000t\000i\000o\000n\000s}{chapter*.1}% 2
\BOOKMARK [1][-]{section*.3}{\376\377\000A\000b\000b\000r\000e\000v\000i\000a\000t\000i\000o\000n\000s}{chapter*.1}% 3
\BOOKMARK [0][-]{section*.4}{\376\377\000C\000o\000n\000t\000e\000n\000t\000s}{}% 4
\BOOKMARK [0][-]{section*.5}{\376\377\000L\000i\000s\000t\000\040\000o\000f\000\040\000F\000i\000g\000u\000r\000e\000s}{}% 5
\BOOKMARK [0][-]{chapter.1}{\376\377\000B\000o\000o\000k\000\040\000I}{}% 6
\BOOKMARK [1][-]{section.1.1}{\376\377\000T\000h\000e\000\040\000N\000a\000t\000u\000r\000e\000\040\000o\000f\000\040\000t\000h\000e\000\040\000S\000t\000a\000r\000s}{chapter.1}% 7
\BOOKMARK [2][-]{section*.6}{\376\377\000[\000S\000u\000n\000]}{section.1.1}% 8
\BOOKMARK [2][-]{section*.7}{\376\377\000[\000M\000o\000o\000n\000]}{section.1.1}% 9
\BOOKMARK [2][-]{section*.8}{\376\377\000[\000S\000a\000t\000u\000r\000n\000]}{section.1.1}% 10
\BOOKMARK [2][-]{section*.9}{\376\377\000[\000J\000u\000p\000i\000t\000e\000r\000]}{section.1.1}% 11
\BOOKMARK [2][-]{section*.10}{\376\377\000[\000M\000a\000r\000s\000]}{section.1.1}% 12
\BOOKMARK [2][-]{section*.11}{\376\377\000[\000V\000e\000n\000u\000s\000]}{section.1.1}% 13
\BOOKMARK [2][-]{section*.12}{\376\377\000[\000M\000e\000r\000c\000u\000r\000y\000]}{section.1.1}% 14
\BOOKMARK [2][-]{section*.13}{\376\377\000[\000G\000e\000n\000e\000r\000a\000l\000\040\000I\000n\000d\000i\000c\000a\000t\000i\000o\000n\000s\000]}{section.1.1}% 15
\BOOKMARK [1][-]{section.1.2}{\376\377\000T\000h\000e\000\040\000N\000a\000t\000u\000r\000e\000\040\000o\000f\000\040\000t\000h\000e\000\040\000T\000w\000e\000l\000v\000e\000\040\000Z\000o\000d\000i\000a\000c\000a\000l\000\040\000S\000i\000g\000n\000s}{chapter.1}% 16
\BOOKMARK [2][-]{section*.14}{\376\377\000[\000A\000r\000i\000e\000s\000]}{section.1.2}% 17
\BOOKMARK [2][-]{section*.15}{\376\377\000[\000T\000a\000u\000r\000u\000s\000]}{section.1.2}% 18
\BOOKMARK [2][-]{section*.16}{\376\377\000[\000G\000e\000m\000i\000n\000i\000]}{section.1.2}% 19
\BOOKMARK [2][-]{section*.17}{\376\377\000[\000C\000a\000n\000c\000e\000r\000]}{section.1.2}% 20
\BOOKMARK [2][-]{section*.18}{\376\377\000[\000L\000e\000o\000]}{section.1.2}% 21
\BOOKMARK [2][-]{section*.19}{\376\377\000[\000V\000i\000r\000g\000o\000]}{section.1.2}% 22
\BOOKMARK [2][-]{section*.20}{\376\377\000[\000L\000i\000b\000r\000a\000]}{section.1.2}% 23
\BOOKMARK [2][-]{section*.21}{\376\377\000[\000S\000c\000o\000r\000p\000i\000o\000]}{section.1.2}% 24
\BOOKMARK [2][-]{section*.22}{\376\377\000[\000S\000a\000g\000i\000t\000t\000a\000r\000i\000u\000s\000]}{section.1.2}% 25
\BOOKMARK [2][-]{section*.23}{\376\377\000[\000C\000a\000p\000r\000i\000c\000o\000r\000n\000]}{section.1.2}% 26
\BOOKMARK [2][-]{section*.24}{\376\377\000[\000A\000q\000u\000a\000r\000i\000u\000s\000]}{section.1.2}% 27
\BOOKMARK [2][-]{section*.25}{\376\377\000[\000P\000i\000s\000c\000e\000s\000]}{section.1.2}% 28
\BOOKMARK [1][-]{section.1.3}{\376\377\000T\000h\000e\000\040\0005\0000\000\040\000T\000e\000r\000m\000s}{chapter.1}% 29
\BOOKMARK [2][-]{section*.26}{\376\377\000[\000A\000r\000i\000e\000s\000]}{section.1.3}% 30
\BOOKMARK [2][-]{section*.27}{\376\377\000[\000T\000a\000u\000r\000u\000s\000]}{section.1.3}% 31
\BOOKMARK [2][-]{section*.28}{\376\377\000[\000G\000e\000m\000i\000n\000i\000]}{section.1.3}% 32
\BOOKMARK [2][-]{section*.29}{\376\377\000[\000C\000a\000n\000c\000e\000r\000]}{section.1.3}% 33
\BOOKMARK [2][-]{section*.30}{\376\377\000[\000L\000e\000o\000]}{section.1.3}% 34
\BOOKMARK [2][-]{section*.31}{\376\377\000[\000V\000i\000r\000g\000o\000]}{section.1.3}% 35
\BOOKMARK [2][-]{section*.32}{\376\377\000[\000L\000i\000b\000r\000a\000]}{section.1.3}% 36
\BOOKMARK [2][-]{section*.33}{\376\377\000[\000S\000c\000o\000r\000p\000i\000o\000]}{section.1.3}% 37
\BOOKMARK [2][-]{section*.34}{\376\377\000[\000S\000a\000g\000i\000t\000t\000a\000r\000i\000u\000s\000]}{section.1.3}% 38
\BOOKMARK [2][-]{section*.35}{\376\377\000[\000C\000a\000p\000r\000i\000c\000o\000r\000n\000]}{section.1.3}% 39
\BOOKMARK [2][-]{section*.36}{\376\377\000[\000A\000q\000u\000a\000r\000i\000u\000s\000]}{section.1.3}% 40
\BOOKMARK [2][-]{section*.37}{\376\377\000[\000P\000i\000s\000c\000e\000s\000]}{section.1.3}% 41
\BOOKMARK [1][-]{section.1.4}{\376\377\000F\000i\000n\000d\000i\000n\000g\000\040\000t\000h\000e\000\040\000A\000s\000c\000e\000n\000d\000a\000n\000t}{chapter.1}% 42
\BOOKMARK [1][-]{section.1.5}{\376\377\000T\000h\000e\000\040\000G\000n\000o\000m\000o\000n\000\040\000o\000f\000\040\000t\000h\000e\000\040\000A\000s\000c\000e\000n\000d\000a\000n\000t\000\040\000\050\0005\000K\000\051}{chapter.1}% 43
\BOOKMARK [1][-]{section.1.6}{\376\377\000T\000h\000e\000\040\000M\000i\000d\000h\000e\000a\000v\000e\000n\000\040\000\050\0006\000K\000,\000\040\0005\000P\000\051}{chapter.1}% 44
\BOOKMARK [1][-]{section.1.7}{\376\377\000T\000h\000e\000\040\000R\000i\000s\000i\000n\000g\000\040\000T\000i\000m\000e\000s\000\040\000o\000f\000\040\000t\000h\000e\000\040\000S\000i\000g\000n\000s\000\040\000\050\0007\000K\000,\000\040\0006\000P\000\051}{chapter.1}% 45
\BOOKMARK [1][-]{section.1.8}{\376\377\000L\000i\000s\000t\000e\000n\000i\000n\000g\000\040\000a\000n\000d\000\040\000B\000e\000h\000o\000l\000d\000i\000n\000g\000\040\000S\000i\000g\000n\000s\000\040\000\050\0008\000K\000,\000\040\0007\000P\000\051}{chapter.1}% 46
\BOOKMARK [1][-]{section.1.9}{\376\377\000A\000\040\000H\000a\000n\000d\000y\000\040\000M\000e\000t\000h\000o\000d\000\040\000f\000o\000r\000\040\000N\000e\000w\000\040\000a\000n\000d\000\040\000F\000u\000l\000l\000\040\000M\000o\000o\000n\000s\000\040\000\050\0009\000K\000,\000\040\0008\000P\000\051}{chapter.1}% 47
\BOOKMARK [1][-]{section.1.10}{\376\377\000A\000\040\000H\000a\000n\000d\000y\000\040\000M\000e\000t\000h\000o\000d\000\040\000f\000o\000r\000\040\000t\000h\000e\000\040\000S\000e\000v\000e\000n\000\040\000Z\000o\000n\000e\000\040\000S\000y\000s\000t\000e\000m\000\040\000[\000o\000r\000\040\000t\000h\000e\000\040\000S\000a\000b\000b\000a\000t\000i\000c\000a\000l\000\040\000D\000a\000y\000]\000\040\000\050\0001\0000\000K\000,\000\040\0009\000P\000\051}{chapter.1}% 48
\BOOKMARK [1][-]{section.1.11}{\376\377\000T\000h\000e\000\040\000H\000o\000u\000s\000e\000\040\000R\000u\000l\000e\000r\000\040\000o\000f\000\040\000t\000h\000e\000\040\000Y\000e\000a\000r\000\040\000\050\0001\0001\000K\000,\000\040\0001\0000\000P\000\051}{chapter.1}% 49
\BOOKMARK [1][-]{section.1.12}{\376\377\000M\000a\000s\000c\000u\000l\000i\000n\000e\000\040\000a\000n\000d\000\040\000F\000e\000m\000i\000n\000i\000n\000e\000\040\000D\000e\000g\000r\000e\000e\000s\000\040\000\050\0001\0002\000K\000,\000\040\0001\0001\000P\000\051}{chapter.1}% 50
\BOOKMARK [1][-]{section.1.13}{\376\377\000T\000h\000e\000\040\000V\000i\000s\000i\000b\000i\000l\000i\000t\000y\000\040\000P\000e\000r\000i\000o\000d\000s\000\040\000o\000f\000\040\000t\000h\000e\000\040\000M\000o\000o\000n\000\040\000\050\0001\0003\000K\000,\000\040\0001\0002\000P\000\051}{chapter.1}% 51
\BOOKMARK [1][-]{section.1.14}{\376\377\000T\000h\000e\000\040\000I\000n\000v\000i\000s\000i\000b\000i\000l\000i\000t\000y\000\040\000P\000e\000r\000i\000o\000d\000\040\000o\000f\000\040\000t\000h\000e\000\040\000M\000o\000o\000n\000\040\000\050\0001\0004\000K\000,\000\040\0001\0003\000P\000\051}{chapter.1}% 52
\BOOKMARK [1][-]{section.1.15}{\376\377\000T\000h\000e\000\040\000T\000h\000i\000r\000d\000,\000\040\000S\000e\000v\000e\000n\000t\000h\000,\000\040\000a\000n\000d\000\040\000F\000o\000r\000t\000i\000e\000t\000h\000\040\000D\000a\000y\000s\000\040\000o\000f\000\040\000t\000h\000e\000\040\000M\000o\000o\000n\000\040\000\050\0001\0005\000K\000,\000\040\0001\0004\000P\000\051}{chapter.1}% 53
\BOOKMARK [1][-]{section.1.16}{\376\377\000A\000\040\000H\000a\000n\000d\000y\000\040\000M\000e\000t\000h\000o\000d\000\040\000f\000o\000r\000\040\000F\000i\000n\000d\000i\000n\000g\000\040\000t\000h\000e\000\040\000A\000s\000c\000e\000n\000d\000i\000n\000g\000\040\000N\000o\000d\000e\000\040\000\050\0001\0006\000K\000,\0001\0005\000P\000\051}{chapter.1}% 54
\BOOKMARK [1][-]{section.1.18}{\376\377\000T\000h\000e\000\040\000D\000e\000t\000e\000r\000m\000i\000n\000a\000t\000i\000o\000n\000\040\000o\000f\000\040\000t\000h\000e\000\040\000S\000t\000e\000p\000s\000\040\000a\000n\000d\000\040\000t\000h\000e\000\040\000W\000i\000n\000d\000s\000\040\000o\000f\000\040\000t\000h\000e\000\040\000M\000o\000o\000n\000\040\000\050\0001\0008\000K\000,\000\040\0001\0006\000P\000\051}{chapter.1}% 55
\BOOKMARK [1][-]{section.1.19}{\376\377\000A\000\040\000H\000i\000p\000p\000a\000r\000c\000h\000e\000i\000o\000n\000\040\000C\000o\000n\000c\000e\000r\000n\000i\000n\000g\000\040\000t\000h\000e\000\040\000C\000a\000l\000c\000u\000l\000a\000t\000i\000o\000n\000\040\000o\000f\000\040\000t\000h\000e\000\040\000S\000i\000g\000n\000\040\000o\000f\000\040\000t\000h\000e\000\040\000M\000o\000o\000n\000\040\000\050\0001\0009\000K\000,\0001\0007\000P\000\051}{chapter.1}% 56
\BOOKMARK [1][-]{section.1.20}{\376\377\000R\000e\000c\000k\000o\000n\000i\000n\000g\000\040\000t\000h\000e\000\040\000S\000u\000n\000\040\000a\000n\000d\000\040\000t\000h\000e\000\040\000F\000i\000v\000e\000\040\000P\000l\000a\000n\000e\000t\000s\000\040\000\050\0002\0000\000K\000,\0001\0008\000P\000\051}{chapter.1}% 57
\BOOKMARK [1][-]{section.1.21}{\376\377\000T\000r\000a\000n\000s\000i\000t\000s\000\040\000a\000n\000d\000\040\000T\000h\000e\000\040\000C\000o\000m\000b\000i\000n\000a\000t\000i\000o\000n\000\040\000o\000f\000\040\000t\000h\000e\000\040\000S\000t\000a\000r\000s\000\040\000\050\0002\0001\000K\000,\0001\0009\000P\000\051}{chapter.1}% 58
\BOOKMARK [2][-]{section*.38}{\376\377\000[\000T\000r\000a\000n\000s\000i\000t\000s\000]}{section.1.21}% 59
\BOOKMARK [2][-]{section*.39}{\376\377\000[\000S\000a\000t\000u\000r\000n\000]}{section.1.21}% 60
\BOOKMARK [2][-]{section*.40}{\376\377\000[\000J\000u\000p\000i\000t\000e\000r\000]}{section.1.21}% 61
\BOOKMARK [2][-]{section*.41}{\376\377\000[\000V\000e\000n\000u\000s\000]}{section.1.21}% 62
\BOOKMARK [2][-]{section*.42}{\376\377\000[\000M\000e\000r\000c\000u\000r\000y\000]}{section.1.21}% 63
\BOOKMARK [2][-]{section*.43}{\376\377\000[\000S\000u\000n\000\040\000a\000n\000d\000\040\000M\000o\000o\000n\000]}{section.1.21}% 64
\BOOKMARK [1][-]{section.1.22}{\376\377\000T\000h\000e\000\040\000C\000o\000m\000b\000i\000n\000a\000t\000i\000o\000n\000\040\000o\000f\000\040\000T\000h\000r\000e\000e\000\040\000S\000t\000a\000r\000s\000\040\000\050\0002\0002\000K\000,\0002\0000\000P\000\051}{chapter.1}% 65
\BOOKMARK [2][-]{section*.44}{\376\377\000[\000S\000a\000t\000u\000r\000n\000\040\000i\000n\000\040\000C\000o\000m\000b\000i\000n\000a\000t\000i\000o\000n\000]}{section.1.22}% 66
\BOOKMARK [2][-]{section*.45}{\376\377\000[\000J\000u\000p\000i\000t\000e\000r\000\040\000i\000n\000\040\000C\000o\000m\000b\000i\000n\000a\000t\000i\000o\000n\000]}{section.1.22}% 67
\BOOKMARK [2][-]{section*.46}{\376\377\000[\000V\000e\000n\000u\000s\000\040\000i\000n\000\040\000C\000o\000m\000b\000i\000n\000a\000t\000i\000o\000n\000]}{section.1.22}% 68
\BOOKMARK [2][-]{section*.47}{\376\377\000[\000M\000e\000r\000c\000u\000r\000y\000\040\000i\000n\000\040\000C\000o\000m\000b\000i\000n\000a\000t\000i\000o\000n\000]}{section.1.22}% 69
\BOOKMARK [2][-]{section*.48}{\376\377\000[\000M\000a\000r\000s\000\040\000i\000n\000\040\000C\000o\000m\000b\000i\000n\000a\000t\000i\000o\000n\000]}{section.1.22}% 70
\BOOKMARK [1][-]{section.1.23}{\376\377\000C\000o\000n\000c\000e\000p\000t\000i\000o\000n\000\040\000\050\0002\0003\000K\000,\0002\0001\000P\000\051}{chapter.1}% 71
\BOOKMARK [1][-]{section.1.24}{\376\377\000S\000e\000v\000e\000n\000-\000M\000o\000n\000t\000h\000\040\000C\000h\000i\000l\000d\000r\000e\000n\000\040\000\050\0002\0004\000K\000,\0002\0002\000P\000\051}{chapter.1}% 72
\BOOKMARK [0][-]{chapter.2}{\376\377\000B\000o\000o\000k\000\040\000I\000I\000\040\000\050\0005\0005\000K\000,\0005\0004\000P\000\051}{}% 73
\BOOKMARK [1][-]{section.2.1}{\376\377\000T\000h\000e\000\040\000T\000r\000i\000a\000n\000g\000l\000e\000s\000\040\000[\000T\000r\000i\000p\000l\000i\000c\000i\000t\000i\000e\000s\000]}{chapter.2}% 74
\BOOKMARK [1][-]{section.2.2}{\376\377\000T\000h\000e\000\040\000D\000i\000s\000t\000i\000n\000g\000u\000i\000s\000h\000i\000n\000g\000\040\000C\000h\000a\000r\000a\000c\000t\000e\000r\000i\000s\000t\000i\000c\000s\000\040\000o\000f\000\040\000t\000h\000e\000\040\000T\000r\000i\000a\000n\000g\000l\000e\000s\000,\000\040\000t\000h\000e\000\040\000H\000o\000u\000s\000e\000r\000u\000l\000e\000r\000s\000,\000\040\000t\000h\000e\000\040\000H\000e\000l\000p\000e\000r\000s\000,\000\040\000a\000n\000d\000\040\000t\000h\000e\000\040\000S\000e\000c\000t\000s\000\040\000o\000f\000\040\000t\000h\000e\000\040\000S\000u\000n\000\040\000a\000n\000d\000\040\000t\000h\000e\000\040\000M\000o\000o\000n\040\024\000f\000o\000r\000\040\000D\000a\000y\000\040\000o\000r\000\040\000N\000i\000g\000h\000t\000\040\000B\000i\000r\000t\000h\000s}{chapter.2}% 75
\BOOKMARK [1][-]{section.2.3}{\376\377\000T\000h\000e\000\040\000L\000o\000t\000\040\000o\000f\000\040\000F\000o\000r\000t\000u\000n\000e\000\040\000a\000n\000d\000\040\000i\000t\000s\000\040\000H\000o\000u\000s\000e\000r\000u\000l\000e\000r}{chapter.2}% 76
\BOOKMARK [1][-]{section.2.4}{\376\377\000T\000h\000e\000\040\000S\000t\000a\000r\000\040\000W\000h\000i\000c\000h\000\040\000H\000o\000l\000d\000s\000\040\000t\000h\000e\000\040\000A\000s\000c\000e\000n\000d\000a\000n\000t\000\040\000o\000r\000\040\000T\000h\000e\000\040\000L\000o\000t}{chapter.2}% 77
\BOOKMARK [1][-]{section.2.5}{\376\377\000T\000h\000e\000\040\000[\000X\000I\000I\000]\000\040\000P\000l\000a\000c\000e\000\040\000o\000f\000\040\000t\000h\000e\000\040\000B\000a\000d\000\040\000D\000a\000i\000m\000o\000n\000.\000\040\000M\000a\000n\000y\000\040\000C\000o\000n\000f\000i\000g\000u\000r\000a\000t\000i\000o\000n\000s}{chapter.2}% 78
\BOOKMARK [1][-]{section.2.6}{\376\377\000T\000h\000e\000\040\000[\000X\000I\000]\000\040\000P\000l\000a\000c\000e\000\040\000o\000f\000\040\000t\000h\000e\000\040\000G\000o\000o\000d\000\040\000D\000a\000i\000m\000o\000n\000.\000\040\000M\000a\000n\000y\000\040\000C\000o\000n\000f\000i\000g\000u\000r\000a\000t\000i\000o\000n\000s\000.\000\040\000T\000h\000e\000\040\000H\000e\000a\000r\000i\000n\000g\000\040\000a\000n\000d\000\040\000t\000h\000e\000\040\000B\000e\000h\000o\000l\000d\000i\000n\000g\000\040\000S\000i\000g\000n\000s\000\040\000M\000u\000s\000t\000\040\000A\000l\000s\000o\000\040\000B\000e\000\040\000I\000n\000v\000e\000s\000t\000i\000g\000a\000t\000e\000d\000.}{chapter.2}% 79
\BOOKMARK [1][-]{section.2.7}{\376\377\000[\000T\000h\000e\000\040\000X\000\040\000P\000l\000a\000c\000e\000]\040\024\000M\000i\000d\000h\000e\000a\000v\000e\000n}{chapter.2}% 80
\BOOKMARK [1][-]{section*.49}{\376\377\000\040\000\040\000\050\0007\000K\000,\0008\000P\000\051\000\040\000T\000h\000e\000\040\000I\000X\000\040\000P\000l\000a\000c\000e\000\040\000o\000f\000\040\000t\000h\000e\000\040\000G\000o\000d\000\040\000S\000u\000n\000,\000\040\000j\000u\000s\000t\000\040\000b\000e\000f\000o\000r\000e\000\040\000M\000C\000.\000\040\000T\000h\000e\000\040\000N\000i\000n\000t\000h\000\040\000P\000l\000a\000c\000e\000\040\000f\000r\000o\000m\000\040\000t\000h\000e\000\040\000A\000s\000c\000e\000n\000d\000a\000n\000t\000.\000\040\000I\000t\000\040\000H\000a\000s\000\040\000M\000a\000n\000y\000\040\000C\000o\000n\000f\000i\000g\000u\000r\000a\000t\000i\000o\000n\000s}{chapter.2}% 81
\BOOKMARK [1][-]{section.2.8}{\376\377\000T\000h\000e\000\040\000V\000I\000I\000I\000\040\000P\000l\000a\000c\000e\000\040\000o\000f\000\040\000D\000e\000a\000t\000h\000.\000\040\000V\000a\000r\000i\000o\000u\000s\000\040\000V\000i\000e\000w\000s\000\040\000\050\0008\000K\000,\0009\000P\000\051}{chapter.2}% 82
\BOOKMARK [1][-]{section.2.9}{\376\377\000T\000h\000e\000\040\000[\000V\000I\000I\000]\000\040\000P\000l\000a\000c\000e\000\040\000o\000f\000\040\000t\000h\000e\000\040\000D\000e\000s\000c\000e\000n\000d\000a\000n\000t\000\040\000\050\0009\000K\000,\0001\0000\000P\000\051}{chapter.2}% 83
\BOOKMARK [1][-]{section.2.10}{\376\377\000T\000h\000e\000\040\000V\000I\000\040\000P\000l\000a\000c\000e\000.\000\040\000T\000h\000e\000\040\000P\000l\000a\000c\000e\000\040\000o\000f\000\040\000M\000a\000r\000s\000\040\000\050\0001\0000\000K\000,\0001\0001\000P\000\051}{chapter.2}% 84
\BOOKMARK [1][-]{section.2.11}{\376\377\000T\000h\000e\000\040\000V\000\040\000P\000l\000a\000c\000e\000.\000\040\000M\000a\000n\000y\000\040\000T\000h\000e\000o\000r\000e\000m\000s\000\040\000\050\0001\0001\000K\000,\0001\0002\000P\000\051}{chapter.2}% 85
\BOOKMARK [1][-]{section.2.12}{\376\377\000T\000h\000e\000\040\000I\000V\000\040\000P\000l\000a\000c\000e\040\024\000L\000o\000w\000e\000r\000\040\000M\000i\000d\000h\000e\000a\000v\000e\000n\000\040\000\050\0001\0002\000K\000,\0001\0003\000P\000\051}{chapter.2}% 86
\BOOKMARK [1][-]{section.2.13}{\376\377\000T\000h\000e\000\040\000I\000I\000I\000\040\000P\000l\000a\000c\000e\000.\000\040\000T\000h\000e\000\040\000P\000l\000a\000c\000e\000\040\000o\000f\000\040\000t\000h\000e\000\040\000G\000o\000d\000d\000e\000s\000s\000\040\000M\000o\000o\000n\000\040\000\050\0001\0003\000K\000,\0001\0004\000P\000\051}{chapter.2}% 87
\BOOKMARK [1][-]{section.2.14}{\376\377\000T\000h\000e\000\040\000I\000I\000\040\000P\000l\000a\000c\000e\000,\000\040\000C\000a\000l\000l\000e\000d\000\040\000t\000h\000e\000\040\000G\000a\000t\000e\000\040\000o\000f\000\040\000H\000a\000d\000e\000s\000.\000\040\000T\000h\000e\000\040\000P\000l\000a\000c\000e\000\040\000R\000i\000s\000i\000n\000g\000\040\000A\000f\000t\000e\000r\000\040\000t\000h\000e\000\040\000A\000s\000c\000e\000n\000d\000a\000n\000t\000\040\000\050\0001\0004\000K\000,\0001\0005\000P\000\051}{chapter.2}% 88
\BOOKMARK [1][-]{section.2.15}{\376\377\000N\000i\000n\000e\000\040\000N\000a\000m\000e\000s\000\040\000o\000f\000\040\000t\000h\000e\000\040\000P\000l\000a\000c\000e\000s\000\040\000\050\0001\0005\000K\000,\0001\0006\000P\000\051}{chapter.2}% 89
\BOOKMARK [1][-]{section.2.16}{\376\377\000T\000h\000e\000\040\000T\000r\000i\000n\000e\000\040\000I\000n\000f\000l\000u\000e\000n\000c\000e\000s\000\040\000o\000f\000\040\000t\000h\000e\000\040\000S\000t\000a\000r\000s\000\040\000o\000n\000\040\000P\000r\000o\000s\000p\000e\000r\000i\000t\000y\000\040\000o\000r\000\040\000P\000o\000v\000e\000r\000t\000y\000.\000\040\000T\000h\000e\000\040\000C\000o\000n\000f\000i\000g\000u\000r\000a\000t\000i\000o\000n\000s\000\040\000o\000f\000\040\000T\000r\000i\000n\000e\000,\000\040\000S\000e\000x\000t\000i\000l\000e\000,\000\040\000a\000n\000d\000\040\000O\000p\000p\000o\000s\000i\000t\000i\000o\000n\000\040\000\050\0001\0006\000K\000,\0001\0007\000P\000\051}{chapter.2}% 90
\BOOKMARK [1][-]{section.2.17}{\376\377\000T\000h\000e\000\040\000L\000o\000t\000\040\000o\000f\000\040\000F\000o\000r\000t\000u\000n\000e\000\040\000a\000s\000\040\000t\000h\000e\000\040\000A\000s\000c\000e\000n\000d\000a\000n\000t\000\040\000\050\0001\0007\000K\000,\0001\0008\000P\000\051}{chapter.2}% 91
\BOOKMARK [1][-]{section.2.18}{\376\377\000T\000h\000e\000\040\000E\000x\000a\000l\000t\000a\000t\000i\000o\000n\000\040\000o\000f\000\040\000t\000h\000e\000\040\000S\000u\000n\000\040\000a\000n\000d\000\040\000M\000o\000o\000n\000.\000\040\000T\000h\000e\000i\000r\000\040\000E\000f\000f\000e\000c\000t\000s\000\040\000o\000n\000\040\000P\000r\000o\000s\000p\000e\000r\000i\000t\000y\000\040\000\050\0001\0008\000K\000,\0001\0009\000P\000\051}{chapter.2}% 92
\BOOKMARK [1][-]{section.2.19}{\376\377\000T\000h\000e\000\040\000L\000o\000t\000\040\000o\000f\000\040\000F\000o\000r\000t\000u\000n\000e\000\040\000a\000n\000d\000\040\000D\000a\000i\000m\000o\000n\000.\000\040\000T\000h\000e\000i\000r\000\040\000I\000n\000f\000l\000u\000e\000n\000c\000e\000\040\000o\000n\000\040\000P\000r\000o\000s\000p\000e\000r\000i\000t\000y\000\040\000a\000n\000d\000\040\000t\000h\000e\000\040\000O\000u\000t\000c\000o\000m\000e\000\040\000o\000f\000\040\000A\000c\000t\000i\000o\000n\000s\000\040\000\050\0001\0009\000K\000,\0002\0000\000P\000\051}{chapter.2}% 93
\BOOKMARK [1][-]{section.2.20}{\376\377\000T\000h\000e\000\040\0001\0001\000t\000h\000\040\000P\000l\000a\000c\000e\000\040\000[\000R\000e\000l\000a\000t\000i\000v\000e\000\040\000t\000o\000\040\000t\000h\000e\000\040\000L\000o\000t\000]\000\040\000o\000f\000\040\000F\000o\000r\000t\000u\000n\000e\000\040\000a\000n\000d\000\040\000i\000t\000s\000\040\000I\000n\000f\000l\000u\000e\000n\000c\000e\000\040\000o\000n\000\040\000P\000r\000o\000s\000p\000e\000r\000i\000t\000y\000\040\000\050\0002\0000\000K\000,\0002\0001\000P\000\051}{chapter.2}% 94
\BOOKMARK [1][-]{section.2.21}{\376\377\000E\000x\000a\000m\000p\000l\000e\000s\000\040\000f\000o\000r\000\040\000t\000h\000e\000\040\000P\000r\000e\000c\000e\000d\000i\000n\000g\000\040\000C\000h\000a\000p\000t\000e\000r\000s\000\040\000\050\0002\0001\000K\000,\0002\0002\000P\000\051}{chapter.2}% 95
\BOOKMARK [2][-]{section*.50}{\376\377\000[\000C\000h\000a\000r\000t\000\040\0001\000\040\000[\000G\000H\000\040\000L\0005\0000\000]\000\040\000I\000l\000l\000u\000s\000t\000r\000i\000o\000u\000s\000\040\000a\000n\000d\000\040\000D\000i\000s\000t\000i\000n\000g\000u\000i\000s\000h\000e\000d\000]}{section.2.21}% 96
\BOOKMARK [2][-]{section*.51}{\376\377\000[\000C\000h\000a\000r\000t\000\040\0002\000\040\000[\000G\000H\000\040\000L\0009\0005\000]\000\040\000R\000i\000s\000e\000\040\000f\000r\000o\000m\000\040\000M\000e\000d\000i\000o\000c\000r\000i\000t\000y\000]}{section.2.21}% 97
\BOOKMARK [2][-]{section*.52}{\376\377\000[\000C\000h\000a\000r\000t\000\040\0003\000\040\000[\000G\000H\000\040\000L\0008\0005\000]\000\040\000R\000i\000s\000e\000\040\000f\000r\000o\000m\000\040\000O\000r\000d\000i\000n\000a\000r\000y\000\040\000M\000e\000a\000n\000s\000\040\000t\000o\000\040\000W\000e\000a\000l\000t\000h\000]}{section.2.21}% 98
\BOOKMARK [2][-]{section*.53}{\376\377\000[\000C\000h\000a\000r\000t\000\040\0004\000\040\000[\000G\000H\000\040\000L\0008\0003\000]\000\040\000R\000i\000s\000e\000\040\000t\000h\000r\000o\000u\000g\000h\000\040\000V\000i\000o\000l\000e\000n\000t\000\040\000M\000e\000a\000n\000s\000]}{section.2.21}% 99
\BOOKMARK [2][-]{section*.54}{\376\377\000[\000C\000h\000a\000r\000t\000\040\0005\000\040\000[\000G\000H\000\040\000L\0007\0004\000]\000\040\000F\000r\000o\000m\000\040\000S\000e\000r\000v\000i\000t\000u\000d\000e\000\040\000t\000o\000\040\000P\000o\000w\000e\000r\000]}{section.2.21}% 100
\BOOKMARK [2][-]{section*.55}{\376\377\000[\000C\000h\000a\000r\000t\000\040\0006\000\040\000[\000G\000H\000\040\000L\0007\0002\000]\000\040\000R\000i\000s\000e\000\040\000t\000o\000\040\000H\000i\000g\000h\000\040\000P\000r\000i\000e\000s\000t\000h\000o\000o\000d\000]}{section.2.21}% 101
\BOOKMARK [2][-]{section*.56}{\376\377\000[\000C\000h\000a\000r\000t\000\040\0007\000\040\000[\000G\000H\000\040\000L\0008\0002\000]\000\040\000R\000i\000s\000e\000\040\000t\000o\000\040\000H\000i\000g\000h\000\040\000P\000r\000i\000e\000s\000t\000h\000o\000o\000d\000]}{section.2.21}% 102
\BOOKMARK [2][-]{section*.57}{\376\377\000[\000C\000h\000a\000r\000t\000\040\0008\000\040\000[\000G\000H\000\040\000L\0009\0007\000]\000\040\000R\000a\000i\000s\000e\000d\000\040\000L\000i\000v\000e\000l\000i\000h\000o\000o\000d\000]}{section.2.21}% 103
\BOOKMARK [2][-]{section*.58}{\376\377\000[\000C\000h\000a\000r\000t\000\040\0009\000\040\000[\000G\000H\000\040\000L\0009\0005\000]\000\040\000F\000r\000o\000m\000\040\000D\000e\000b\000t\000\040\000t\000o\000\040\000I\000n\000h\000e\000r\000i\000t\000a\000n\000c\000e\000\040\000a\000n\000d\000\040\000B\000u\000s\000i\000n\000e\000s\000s\000\040\000P\000r\000o\000s\000p\000e\000r\000i\000t\000y}{section.2.21}% 104
\BOOKMARK [2][-]{section*.59}{\376\377\000[\000C\000h\000a\000r\000t\000\040\0001\0000\000\040\000[\000G\000H\000\040\000L\0006\0005\000]\000\040\000B\000o\000r\000n\000\040\000i\000n\000t\000o\000\040\000W\000e\000a\000l\000t\000h\000]}{section.2.21}% 105
\BOOKMARK [2][-]{section*.60}{\376\377\000[\000C\000h\000a\000r\000t\000\040\0001\0001\000\040\000[\000G\000H\000\040\000L\0001\0000\0005\000]\000\040\000P\000r\000o\000s\000p\000e\000r\000i\000t\000y\000\040\000t\000o\000\040\000E\000x\000i\000l\000e\000]}{section.2.21}% 106
\BOOKMARK [2][-]{section*.61}{\376\377\000[\000C\000h\000a\000r\000t\000\040\0001\0002\000\040\000[\000G\000H\000\040\000L\0006\0001\000]\000\040\000P\000o\000l\000i\000t\000i\000c\000a\000l\000\040\000P\000r\000e\000s\000t\000i\000g\000e\000\040\000t\000o\000\040\000V\000a\000g\000a\000b\000o\000n\000d\000]}{section.2.21}% 107
\BOOKMARK [2][-]{section*.62}{\376\377\000[\000C\000h\000a\000r\000t\000\040\0001\0003\000\040\000[\000G\000H\000\040\000L\0001\0000\0009\000]\000\040\000F\000r\000o\000m\000\040\000S\000l\000a\000v\000e\000r\000y\000\040\000t\000o\000\040\000H\000o\000n\000o\000r\000s\000]}{section.2.21}% 108
\BOOKMARK [2][-]{section*.63}{\376\377\000[\000C\000h\000a\000r\000t\000\040\0001\0004\000\040\000[\000G\000H\000\040\000L\0006\0002\000]\000\040\000D\000i\000s\000t\000i\000n\000g\000u\000i\000s\000h\000e\000d\000\040\000P\000r\000i\000e\000s\000t\000\040\000w\000i\000t\000h\000\040\000M\000a\000n\000y\000\040\000T\000r\000o\000u\000b\000l\000e\000s\000\040\000a\000n\000d\000\040\000L\000o\000s\000s\000e\000s\000]}{section.2.21}% 109
\BOOKMARK [1][-]{section.2.22}{\376\377\000N\000o\000t\000a\000b\000l\000e\000\040\000a\000n\000d\000\040\000D\000i\000s\000t\000i\000n\000g\000u\000i\000s\000h\000e\000d\000\040\000N\000a\000t\000i\000v\000i\000t\000i\000e\000s\000.\000\040\000A\000l\000s\000o\000\040\000I\000g\000n\000o\000b\000l\000e\000\040\000a\000n\000d\000\040\000D\000e\000b\000a\000s\000e\000d\000\040\000N\000a\000t\000i\000v\000i\000t\000i\000e\000s\000\040\000\050\0002\0002\000K\000,\0002\0003\000P\000\051}{chapter.2}% 110
\BOOKMARK [2][-]{section*.64}{\376\377\000[\000I\000n\000t\000e\000r\000p\000e\000r\000a\000t\000i\000n\000g\000\040\000F\000o\000r\000t\000u\000n\000e\000,\000\040\000D\000a\000i\000m\000o\000n\000,\000\040\000B\000a\000s\000i\000s\000,\000\040\000a\000n\000d\000\040\000A\000c\000c\000o\000m\000p\000l\000i\000s\000h\000m\000e\000n\000t\000]}{section.2.22}% 111
\BOOKMARK [2][-]{section*.65}{\376\377\000[\000U\000n\000f\000o\000r\000t\000u\000n\000a\000t\000e\000\040\000I\000n\000d\000i\000c\000a\000t\000i\000o\000n\000s\000]}{section.2.22}% 112
\BOOKMARK [1][-]{section.2.23}{\376\377\000T\000h\000e\000\040\000L\000o\000t\000\040\000o\000f\000\040\000D\000e\000b\000t\000\040\000\050\0002\0003\000K\000,\0002\0004\000P\000\051}{chapter.2}% 113
\BOOKMARK [1][-]{section.2.24}{\376\377\000T\000h\000e\000\040\000L\000o\000t\000\040\000o\000f\000\040\000T\000h\000e\000f\000t\000\040\000\050\0002\0004\000K\000,\0002\0005\000P\000\051}{chapter.2}% 114
\BOOKMARK [1][-]{section.2.25}{\376\377\000T\000h\000e\000\040\000L\000o\000t\000\040\000o\000f\000\040\000D\000e\000c\000e\000i\000t\000\040\000\050\0002\0005\000K\000,\0002\0006\000P\000\051}{chapter.2}% 115
\BOOKMARK [2][-]{section*.66}{\376\377\043\051\000I\000g\000n\000o\000b\000l\000e\000\040\000a\000n\000d\000\040\000D\000e\000b\000a\000s\000e\000d\000\040\000N\000a\000t\000i\000v\000i\000t\000i\000e\000s\043\052}{section.2.25}% 116
\BOOKMARK [1][-]{section.2.26}{\376\377\000E\000x\000a\000m\000p\000l\000e\000s\000\040\000o\000f\000\040\000t\000h\000e\000\040\000P\000r\000e\000v\000i\000o\000u\000s\000l\000y\000\040\000M\000e\000n\000t\000i\000o\000n\000e\000d\000\040\000P\000l\000a\000c\000e\000s\000\040\000\050\0002\0006\000K\000,\0002\0007\000P\000\051}{chapter.2}% 117
\BOOKMARK [2][-]{section*.67}{\376\377\000[\000C\000h\000a\000r\000t\000\040\0001\0005\000\040\000[\000G\000H\000\040\000L\0001\0008\0008\000]\000\040\000F\000o\000r\000t\000u\000n\000a\000t\000e\000,\000\040\000A\000\040\000L\000e\000a\000d\000e\000r\000]}{section.2.26}% 118
\BOOKMARK [2][-]{section*.68}{\376\377\000[\000C\000h\000a\000r\000t\000\040\0001\0006\000\040\000[\000G\000H\000\040\000L\0008\0006\000]\000\040\000A\000\040\000G\000o\000v\000e\000r\000n\000o\000r\000]}{section.2.26}% 119
\BOOKMARK [2][-]{section*.69}{\376\377\000[\000C\000h\000a\000r\000t\000\040\0001\0007\000\040\000[\000G\000H\000\040\000L\0007\0008\000]\000\040\000E\000x\000i\000l\000e\000\040\000a\000n\000d\000\040\000V\000i\000o\000l\000e\000n\000t\000\040\000D\000e\000a\000t\000h\000]}{section.2.26}% 120
\BOOKMARK [2][-]{section*.70}{\376\377\000[\000C\000h\000a\000r\000t\000\040\0001\0008\000\040\000[\000G\000H\000\040\000L\0001\0000\0001\000]\000\040\000E\000x\000i\000l\000e\000\040\000a\000n\000d\000\040\000S\000u\000i\000c\000i\000d\000e\000]}{section.2.26}% 121
\BOOKMARK [1][-]{section.2.27}{\376\377\000P\000r\000o\000p\000i\000t\000i\000o\000u\000s\000\040\000a\000n\000d\000\040\000I\000m\000p\000r\000o\000p\000i\000t\000i\000o\000u\000s\000\040\000P\000e\000r\000i\000o\000d\000s\000.\000\040\000T\000h\000e\000\040\000L\000e\000n\000g\000t\000h\000\040\000o\000f\000\040\000L\000i\000f\000e\000\040\000C\000a\000l\000c\000u\000l\000a\000t\000e\000d\000\040\000f\000r\000o\000m\000\040\000t\000h\000e\000\040\000A\000n\000g\000l\000e\000s\000\040\000a\000n\000d\000\040\000t\000h\000e\000\040\000S\000i\000g\000n\000s\000\040\000F\000o\000l\000l\000o\000w\000i\000n\000g\000\040\000t\000h\000e\000\040\000A\000n\000g\000l\000e\000s\000\040\000\050\0002\0007\000K\000,\0002\0008\000P\000\051}{chapter.2}% 122
\BOOKMARK [1][-]{section.2.28}{\376\377\000T\000r\000a\000v\000e\000l\000,\000\040\000f\000r\000o\000m\000\040\000H\000e\000r\000m\000i\000p\000p\000o\000s\000\040\000\050\0002\0008\000K\000,\0002\0009\000P\000\051}{chapter.2}% 123
\BOOKMARK [1][-]{section.2.29}{\376\377\000T\000r\000a\000v\000e\000l\000\040\000\050\0002\0009\000K\000,\0003\0000\000P\000\051}{chapter.2}% 124
\BOOKMARK [1][-]{section.2.30}{\376\377\000T\000h\000e\000\040\000P\000r\000e\000d\000e\000c\000e\000a\000s\000e\000\040\000o\000f\000\040\000P\000a\000r\000e\000n\000t\000s\000,\000\040\000w\000i\000t\000h\000\040\000E\000x\000a\000m\000p\000l\000e\000s\000\040\000\050\0003\0000\000K\000,\0003\0001\000P\000\051}{chapter.2}% 125
\BOOKMARK [1][-]{section.2.31}{\376\377\000[\000A\000n\000o\000t\000h\000e\000r\000\040\000M\000e\000t\000h\000o\000d\000.\000]\000\040\000A\000b\000o\000u\000t\000\040\000P\000a\000r\000e\000n\000t\000s\000,\000\040\000f\000r\000o\000m\000\040\000T\000i\000m\000a\000i\000o\000s\000\040\000\050\0003\0001\000K\000,\0003\0002\000P\000\051}{chapter.2}% 126
\BOOKMARK [2][-]{section*.71}{\376\377\000[\000O\000p\000e\000r\000a\000t\000i\000v\000e\000\040\000P\000l\000a\000n\000e\000t\000s\000,\000\040\000S\000i\000g\000n\000s\000]}{section.2.31}% 127
\BOOKMARK [1][-]{section.2.32}{\376\377\000T\000h\000e\000\040\000L\000o\000s\000s\000\040\000o\000f\000\040\000P\000a\000r\000e\000n\000t\000s\000\040\000\050\0003\0002\000K\000,\0003\0003\000P\000\051}{chapter.2}% 128
\BOOKMARK [1][-]{section.2.33}{\376\377\000T\000h\000e\000\040\000S\000e\000p\000a\000r\000a\000t\000i\000o\000n\000\040\000o\000f\000\040\000P\000a\000r\000e\000n\000t\000s\000\040\000\050\0003\0003\000K\000,\0003\0004\000P\000\051}{chapter.2}% 129
\BOOKMARK [1][-]{section.2.34}{\376\377\000F\000r\000e\000e\000\040\000a\000n\000d\000\040\000S\000l\000a\000v\000e\000\040\000N\000a\000t\000i\000v\000i\000t\000i\000e\000s\000\040\000\050\0003\0004\000K\000,\0003\0005\000P\000\051}{chapter.2}% 130
\BOOKMARK [1][-]{section.2.35}{\376\377\000T\000h\000e\000\040\000E\000l\000e\000v\000e\000n\000\040\000P\000h\000a\000s\000e\000s\000\040\000o\000f\000\040\000t\000h\000e\000\040\000M\000o\000o\000n\000\040\000a\000n\000d\000\040\000T\000h\000e\000\040\000I\000n\000f\000l\000u\000e\000n\000c\000e\000\040\000o\000f\000\040\000T\000h\000e\000i\000r\000\040\000E\000f\000f\000e\000c\000t\000s\000\040\000\050\0003\0005\000K\000,\0003\0006\000P\000\051}{chapter.2}% 131
\BOOKMARK [2][-]{section*.72}{\376\377\000[\000W\000h\000a\000t\000\040\000E\000a\000c\000h\000\040\000P\000h\000a\000s\000e\000\040\000I\000n\000d\000i\000c\000a\000t\000e\000s\000\040\000a\000n\000d\000\040\000W\000h\000a\000t\000\040\000E\000f\000f\000e\000c\000t\000s\000\040\000I\000t\000\040\000H\000a\000s\000]}{section.2.35}% 132
\BOOKMARK [2][-]{section*.73}{\376\377\043\051\000A\000\040\000p\000e\000r\000s\000o\000n\000a\000l\000\040\000c\000o\000m\000m\000e\000n\000t\043\052}{section.2.35}% 133
\BOOKMARK [1][-]{section.2.36}{\376\377\000I\000n\000j\000u\000r\000i\000e\000s\000\040\000a\000n\000d\000\040\000D\000i\000s\000e\000a\000s\000e\000s\000,\000\040\000w\000i\000t\000h\000\040\000E\000x\000a\000m\000p\000l\000e\000s\000\040\000I\000n\000\040\000E\000a\000c\000h\000\040\000S\000i\000g\000n\000:\000\040\000W\000h\000a\000t\000\040\000I\000n\000j\000u\000r\000i\000e\000s\000\040\000a\000n\000d\000\040\000D\000i\000s\000e\000a\000s\000e\000s\000\040\000a\000r\000e\000\040\000C\000a\000u\000s\000e\000d\000\040\000b\000y\000\040\000A\000r\000i\000e\000s\000\040\000a\000n\000d\000\040\000t\000h\000e\000\040\000S\000u\000c\000c\000e\000e\000d\000i\000n\000g\000\040\000S\000i\000g\000n\000s\000\040\000\050\0003\0006\000K\000,\0003\0007\000P\000\051}{chapter.2}% 134
\BOOKMARK [2][-]{section*.74}{\376\377\000[\000I\000n\000d\000i\000c\000a\000t\000i\000o\000n\000s\000\040\000f\000r\000o\000m\000\040\000S\000i\000g\000n\000s\000]}{section.2.36}% 135
\BOOKMARK [2][-]{section*.75}{\376\377\000[\000E\000x\000a\000m\000p\000l\000e\000s\000]}{section.2.36}% 136
\BOOKMARK [3][-]{section*.76}{\376\377\000[\000C\000h\000a\000r\000t\000\040\0002\0000\000:\000\040\000B\000l\000i\000n\000d\000,\000\040\000q\000o\000u\000t\000y\000]}{section*.75}% 137
\BOOKMARK [3][-]{section*.77}{\376\377\000[\000C\000h\000a\000r\000t\000\040\0002\0001\000:\000\040\000B\000a\000l\000d\000,\000\040\000b\000l\000i\000n\000d\000]}{section*.75}% 138
\BOOKMARK [3][-]{section*.78}{\376\377\000[\000G\000e\000n\000e\000r\000a\000l\000\040\000D\000e\000l\000i\000n\000e\000a\000t\000i\000o\000n\000\040\000N\000o\000t\000e\000s\000]}{section*.75}% 139
\BOOKMARK [3][-]{section*.79}{\376\377\000[\000C\000h\000a\000r\000t\000\040\0002\0002\000:\000\040\000T\000e\000n\000d\000e\000r\000\040\000f\000e\000e\000t\000,\000\040\000a\000\040\000l\000u\000n\000a\000t\000i\000c\000]}{section*.75}% 140
\BOOKMARK [3][-]{section*.80}{\376\377\000[\000C\000h\000a\000r\000t\000\040\0002\0003\000:\000\040\000V\000i\000s\000i\000o\000n\000s\000]}{section*.75}% 141
\BOOKMARK [3][-]{section*.81}{\376\377\000[\000C\000h\000a\000r\000t\000\040\0002\0004\000:\000\040\000H\000o\000m\000o\000s\000e\000x\000u\000a\000l\000]}{section*.75}% 142
\BOOKMARK [3][-]{section*.82}{\376\377\000[\000C\000h\000a\000r\000t\000\040\0002\0005\000:\000\040\000C\000a\000s\000t\000r\000a\000t\000i\000o\000n\000]}{section*.75}% 143
\BOOKMARK [3][-]{section*.83}{\376\377\000[\000C\000h\000a\000r\000t\000\040\0002\0006\000:\000\040\000B\000l\000i\000n\000d\000]}{section*.75}% 144
\BOOKMARK [3][-]{section*.84}{\376\377\000[\000C\000h\000a\000r\000t\000\040\0002\0007\000:\000\040\000L\000e\000p\000r\000o\000s\000y\000,\000\040\000m\000a\000n\000g\000e\000\040\000]}{section*.75}% 145
\BOOKMARK [3][-]{section*.85}{\376\377\000[\000C\000h\000a\000r\000t\000\040\0002\0008\000:\000\040\000A\000b\000n\000o\000r\000m\000a\000l\000l\000y\000\040\000s\000h\000o\000r\000t\000\040\000a\000r\000m\000s\000\040\000]}{section*.75}% 146
\BOOKMARK [3][-]{section*.86}{\376\377\000[\000C\000h\000a\000r\000t\000\040\0002\0009\000:\000\040\000I\000n\000s\000a\000n\000e\000\040\000]}{section*.75}% 147
\BOOKMARK [3][-]{section*.87}{\376\377\000[\000C\000h\000a\000r\000t\000\040\0003\0000\000:\000\040\000H\000u\000n\000c\000h\000b\000a\000c\000k\000\040\000]}{section*.75}% 148
\BOOKMARK [1][-]{section.2.37}{\376\377\000M\000a\000r\000r\000i\000a\000g\000e\000,\000\040\000W\000e\000d\000l\000o\000c\000k\000,\000\040\000a\000n\000d\000\040\000H\000a\000p\000p\000i\000n\000e\000s\000s\000.\000\040\000V\000a\000r\000i\000o\000u\000s\000\040\000T\000h\000e\000o\000r\000e\000m\000s\000\040\000a\000n\000d\000\040\000C\000o\000n\000f\000i\000g\000u\000r\000a\000t\000i\000o\000n\000s\000\040\000\050\0003\0007\000K\000,\0003\0008\000P\000\051}{chapter.2}% 149
\BOOKMARK [1][-]{section.2.38}{\376\377\000M\000o\000r\000e\000\040\000A\000b\000o\000u\000t\000\040\000M\000a\000r\000r\000i\000a\000g\000e\000.\000\040\000E\000x\000a\000m\000p\000l\000e\000s\000.\000\040\000\050\0003\0008\000K\000\051}{chapter.2}% 150
\BOOKMARK [1][-]{section.2.39}{\376\377\000C\000h\000i\000l\000d\000r\000e\000n\000\040\000a\000n\000d\000\040\000C\000h\000i\000l\000d\000l\000e\000s\000n\000e\000s\000s}{chapter.2}% 151
\BOOKMARK [1][-]{section.2.40}{\376\377\000B\000r\000o\000t\000h\000e\000r\000s}{chapter.2}% 152
\BOOKMARK [1][-]{section.2.41}{\376\377\000V\000i\000o\000l\000e\000n\000t\000\040\000D\000e\000a\000t\000h\000s\000.\000\040\000E\000x\000a\000m\000p\000l\000e\000s\000.}{chapter.2}% 153
\BOOKMARK [2][-]{section*.88}{\376\377\000[\000I\000n\000d\000i\000c\000a\000t\000i\000o\000n\000s\000\040\000f\000r\000o\000m\000\040\000S\000i\000g\000n\000s\000]}{section.2.41}% 154
\BOOKMARK [2][-]{section*.89}{\376\377\000E\000x\000a\000m\000p\000l\000e\000s}{section.2.41}% 155
\BOOKMARK [3][-]{section*.90}{\376\377\000[\000C\000h\000a\000r\000t\000\040\0003\0001\000:\000\040\000D\000r\000o\000w\000n\000i\000n\000g\000\040\000]}{section*.89}% 156
\BOOKMARK [3][-]{section*.91}{\376\377\000[\000C\000h\000a\000r\000t\000\040\0003\0002\000:\000\040\000B\000e\000h\000e\000a\000d\000e\000d\000]}{section*.89}% 157
\BOOKMARK [3][-]{section*.92}{\376\377\000[\000C\000h\000a\000r\000t\000\040\0003\0003\000:\000\040\000B\000e\000h\000e\000a\000d\000e\000d\000]}{section*.89}% 158
\BOOKMARK [3][-]{section*.93}{\376\377\000[\000C\000h\000a\000r\000t\000\040\0003\0004\000:\000\040\000B\000e\000h\000e\000a\000d\000e\000d\000]}{section*.89}% 159
\BOOKMARK [3][-]{section*.94}{\376\377\000[\000C\000h\000a\000r\000t\000\040\0003\0005\000:\000\040\000R\000o\000a\000s\000t\000e\000d\000\040\000i\000n\000\040\000h\000i\000s\000\040\000B\000a\000t\000h\000]}{section*.89}% 160
\BOOKMARK [3][-]{section*.95}{\376\377\000[\000C\000h\000a\000r\000t\000\040\0003\0006\000:\000\040\000B\000u\000r\000n\000t\000\040\000A\000l\000i\000v\000e\000\040\000]}{section*.89}% 161
\BOOKMARK [3][-]{section*.96}{\376\377\000[\000C\000h\000a\000r\000t\000\040\0003\0007\000:\000\040\000T\000h\000r\000o\000w\000n\000\040\000t\000o\000\040\000t\000h\000e\000\040\000L\000i\000o\000n\000s\000]}{section*.89}% 162
\BOOKMARK [3][-]{section*.97}{\376\377\000[\000C\000h\000a\000r\000t\000\040\0003\0008\000:\000\040\000P\000o\000i\000s\000o\000n\000e\000d\000]}{section*.89}% 163
\BOOKMARK [3][-]{section*.98}{\376\377\000[\000C\000h\000a\000r\000t\000\040\0003\0009\000:\000\040\000D\000r\000o\000w\000n\000e\000d\000]}{section*.89}% 164
\BOOKMARK [3][-]{section*.99}{\376\377\000[\000C\000h\000a\000r\000t\000\040\0004\0000\000:\000\040\000H\000u\000n\000g\000\040\000H\000i\000m\000s\000e\000l\000f\000]}{section*.89}% 165
\BOOKMARK [3][-]{section*.100}{\376\377\000[\000C\000h\000a\000r\000t\000\040\0004\0001\000:\000\040\000T\000h\000r\000o\000w\000n\000\040\000t\000o\000\040\000t\000h\000e\000\040\000L\000i\000o\000n\000s\000]}{section*.89}% 166
\BOOKMARK [2][-]{section*.101}{\376\377\000[\000T\000h\000e\000\040\000O\000p\000p\000o\000s\000i\000t\000i\000o\000n\000,\000\040\000M\000a\000l\000e\000f\000i\000c\000s\000,\000\040\000a\000n\000d\000\040\000E\000v\000i\000l\000\040\000M\000e\000n\000]}{section.2.41}% 167
\BOOKMARK [0][-]{chapter.3}{\376\377\000B\000o\000o\000k\000\040\000I\000I\000I\000\040\000\050\0001\0003\0002\000K\000,\0001\0002\0005\000P\000\051}{}% 168
\BOOKMARK [1][-]{section.3.1}{\376\377\000T\000h\000e\000\040\000C\000o\000n\000t\000r\000o\000l}{chapter.3}% 169
\BOOKMARK [2][-]{section*.102}{\376\377\000[\000D\000a\000y\000\040\000B\000i\000r\000t\000h\000s\000]}{section.3.1}% 170
\BOOKMARK [2][-]{section*.103}{\376\377\000[\000N\000i\000g\000h\000t\000\040\000B\000i\000r\000t\000h\000s\000]}{section.3.1}% 171
\BOOKMARK [1][-]{section.3.2}{\376\377\000T\000h\000e\000\040\000S\000i\000g\000n\000i\000f\000i\000c\000a\000n\000t\000\040\000D\000e\000g\000r\000e\000e\000s\000\040\000o\000f\000\040\000t\000h\000e\000\040\000A\000n\000g\000l\000e\000s\000*\000*}{chapter.3}% 172
\BOOKMARK [2][-]{section*.104}{\376\377\000[\000F\000i\000n\000d\000i\000n\000g\000\040\000t\000h\000e\000\040\000O\000p\000e\000r\000a\000t\000i\000v\000e\000\040\000D\000e\000g\000r\000e\000e\000s\000]}{section.3.2}% 173
\BOOKMARK [2][-]{section*.105}{\376\377\000[\000A\000n\000o\000t\000h\000e\000r\000\040\000M\000e\000t\000h\000o\000d\000*\000*\000]}{section.3.2}% 174
\BOOKMARK [1][-]{section.3.3}{\376\377\000T\000h\000e\000\040\000V\000i\000t\000a\000l\000\040\000S\000e\000c\000t\000o\000r}{chapter.3}% 175
\BOOKMARK [1][-]{section.3.4}{\376\377\000T\000h\000e\000\040\000W\000i\000n\000d\000s\000\040\000o\000f\000\040\000t\000h\000e\000\040\000S\000t\000a\000r\000s\000,\000\040\000t\000h\000e\000i\000r\000\040\000E\000x\000a\000l\000t\000a\000t\000i\000o\000n\000s\000,\000\040\000a\000n\000d\000\040\000t\000h\000e\000i\000r\000\040\000S\000t\000e\000p\000s}{chapter.3}% 176
\BOOKMARK [2][-]{section*.106}{\376\377\000[\000E\000x\000a\000l\000t\000a\000t\000i\000o\000n\000s\000\040\000a\000n\000d\000\040\000D\000e\000p\000r\000e\000s\000s\000i\000o\000n\000s\000]}{section.3.4}% 177
\BOOKMARK [2][-]{section*.107}{\376\377\000[\000W\000i\000n\000d\000s\000\040\000a\000n\000d\000\040\000S\000t\000e\000p\000s\000]}{section.3.4}% 178
\BOOKMARK [2][-]{section*.108}{\376\377\000[\000W\000i\000n\000d\000s\000\040\000a\000n\000d\000\040\000t\000h\000e\000\040\000A\000p\000h\000e\000t\000a\000]}{section.3.4}% 179
\BOOKMARK [1][-]{section.3.5}{\376\377\000T\000h\000e\000\040\000S\000e\000c\000t\000s\000\040\000o\000f\000\040\000t\000h\000e\000\040\000S\000t\000a\000r\000s}{chapter.3}% 180
\BOOKMARK [1][-]{section.3.6}{\376\377\000E\000x\000a\000m\000p\000l\000e\000s\000\040\000I\000l\000l\000u\000s\000t\000r\000a\000t\000i\000n\000g\000\040\000t\000h\000e\000\040\000P\000r\000e\000v\000i\000o\000u\000s\000\040\000C\000h\000a\000p\000t\000e\000r\000s\000\040\000\050\0006\000K\000\051}{chapter.3}% 181
\BOOKMARK [1][-]{section.3.7}{\376\377\000A\000n\000o\000t\000h\000e\000r\000\040\000M\000e\000t\000h\000o\000d\000\040\000f\000r\000o\000m\000\040\000C\000r\000i\000t\000o\000d\000e\000m\000u\000s\000\040\000a\000b\000o\000u\000t\000\040\000H\000o\000s\000t\000i\000l\000e\000\040\000P\000l\000a\000c\000e\000s\000\040\000a\000n\000d\000\040\000V\000i\000t\000a\000l\000\040\000S\000e\000c\000t\000o\000r\000s\000:\000\040\000f\000r\000o\000m\000\040\000t\000h\000e\000\040\000M\000o\000o\000n\000\040\000a\000n\000d\000\040\000t\000h\000e\000\040\000A\000s\000c\000e\000n\000d\000a\000n\000t\000.}{chapter.3}% 182
\BOOKMARK [1][-]{section.3.8}{\376\377\000H\000o\000s\000t\000i\000l\000e\000\040\000S\000t\000a\000r\000s\000\040\000a\000n\000d\000\040\000C\000r\000i\000t\000i\000c\000a\000l\000\040\000P\000l\000a\000c\000e\000s\000.\000\040\000T\000h\000e\000\040\000F\000i\000r\000s\000t\000\040\000T\000a\000b\000l\000e\000\040\000o\000f\000\040\000C\000r\000i\000t\000o\000d\000e\000m\000u\000s\000\040\000\050\0008\000K\000,\0006\000P\000\051}{chapter.3}% 183
\BOOKMARK [1][-]{section.3.9}{\376\377\000W\000i\000n\000d\000s\000\040\000a\000n\000d\000\040\000T\000u\000r\000n\000s\000\040\000\050\0009\000K\000,\0006\000P\000\051}{chapter.3}% 184
\BOOKMARK [1][-]{section.3.10}{\376\377\000F\000r\000o\000m\000\040\000t\000h\000e\000\040\000B\000o\000o\000k\000s\000\040\000o\000f\000\040\000V\000a\000l\000e\000n\000s\000\040\000C\000o\000n\000c\000e\000r\000n\000i\000n\000g\000\040\000t\000h\000e\000\040\000N\000u\000m\000e\000r\000i\000c\000a\000l\000\040\000L\000o\000t\000\040\000a\000n\000d\000\040\000t\000h\000e\000\040\000L\000e\000n\000g\000t\000h\000\040\000o\000f\000\040\000L\000i\000f\000e\000.\000\040\000T\000h\000e\000\040\000S\000a\000m\000e\000\040\000A\000u\000t\000h\000o\000r\000\040\000o\000n\000\040\000t\000h\000e\000\040\000T\000o\000p\000i\000c\000\040\000o\000f\000\040\000P\000r\000o\000p\000i\000t\000i\000o\000u\000s\000\040\000T\000i\000m\000e\000s\000,\000\040\000w\000i\000t\000h\000\040\000E\000x\000a\000m\000p\000l\000e\000s\000\040\000\050\0001\0000\000K\000,\0007\000P\000\051}{chapter.3}% 185
\BOOKMARK [1][-]{section.3.11}{\376\377\000T\000h\000e\000\040\0007\000-\000D\000a\000y\000\040\000a\000n\000d\000\040\000t\000h\000e\000\040\0009\000-\000D\000a\000y\000\040\000M\000e\000t\000h\000o\000d\000s\000\040\000f\000o\000r\000\040\000t\000h\000e\000\040\000C\000r\000i\000t\000i\000c\000a\000l\000\040\000P\000e\000r\000i\000o\000d\000\040\000\050\0001\0001\000K\000,\0008\000P\000\051}{chapter.3}% 186
\BOOKMARK [1][-]{section.3.12}{\376\377\000T\000h\000e\000\040\000M\000e\000t\000h\000o\000d\000\040\000o\000f\000\040\000N\000e\000w\000\040\000a\000n\000d\000\040\000F\000u\000l\000l\000\040\000M\000o\000o\000n\000s\000.\000\040\000C\000o\000n\000c\000e\000p\000t\000i\000o\000n\000\040\000w\000i\000t\000h\000\040\000R\000e\000f\000e\000r\000e\000n\000c\000e\000\040\000t\000o\000\040\000t\000h\000e\000\040\000A\000s\000c\000e\000n\000d\000i\000n\000g\000\040\000N\000o\000d\000e\000.\000\040\000L\000e\000n\000g\000t\000h\000\040\000o\000f\000\040\000L\000i\000f\000e\000,\000\040\000w\000i\000t\000h\000\040\000E\000x\000a\000m\000p\000l\000e\000s\000\040\000\050\0001\0002\000K\000,\0009\000P\000\051}{chapter.3}% 187
\BOOKMARK [1][-]{section.3.13}{\376\377\000H\000o\000w\000\040\000t\000h\000e\000\040\000P\000o\000s\000i\000t\000i\000o\000n\000\040\000o\000f\000\040\000t\000h\000e\000\040\000S\000u\000n\000,\000\040\000t\000h\000e\000\040\000M\000o\000o\000n\000,\000\040\000a\000n\000d\000\040\000t\000h\000e\000\040\000A\000s\000c\000e\000n\000d\000a\000n\000t\000\040\000a\000t\000\040\000t\000h\000e\000\040\000C\000o\000n\000c\000e\000p\000t\000i\000o\000n\000\040\000C\000a\000n\000\040\000B\000e\000\040\000A\000c\000c\000u\000r\000a\000t\000e\000l\000y\000\040\000F\000o\000u\000n\000d\000\040\000\050\0001\0003\000K\000,\0001\0000\000P\000\051}{chapter.3}% 188
\BOOKMARK [1][-]{section.3.14}{\376\377\000T\000h\000e\000\040\000L\000o\000t\000\040\000o\000f\000\040\000F\000o\000r\000t\000u\000n\000e\000\040\000a\000n\000d\000\040\000i\000t\000s\000\040\000R\000e\000l\000a\000t\000i\000o\000n\000s\000h\000i\000p\000\040\000t\000o\000\040\000t\000h\000e\000\040\000T\000o\000p\000i\000c\000\040\040\034\000L\000e\000n\000g\000t\000h\000\040\000o\000f\000\040\000L\000i\000f\000e\000,\040\035\000\040\000w\000i\000t\000h\000\040\000E\000x\000a\000m\000p\000l\000e\000s\000.\000\040\000I\000n\000c\000l\000u\000d\000e\000d\000\040\000a\000r\000e\000\040\000t\000h\000e\000\040\000M\000i\000n\000i\000m\000u\000m\000\040\000P\000e\000r\000i\000o\000d\000s\000\040\000o\000f\000\040\000t\000h\000e\000\040\000S\000t\000a\000r\000s\000\040\000\050\0001\0004\000K\000,\0001\0001\000P\000\051}{chapter.3}% 189
\BOOKMARK [1][-]{section.3.15}{\376\377\000C\000r\000i\000t\000i\000c\000a\000l\000\040\000Y\000e\000a\000r\000s\000\040\000\050\0001\0005\000K\000,\0001\0002\000P\000\051}{chapter.3}% 190
\BOOKMARK [2][-]{section*.109}{\376\377\000T\000h\000e\000\040\000M\000e\000a\000n\000\040\000Y\000e\000a\000r\000s\000\040\000o\000f\000\040\000t\000h\000e\000\040\000S\000t\000a\000r\000s\000\040\000\050\0001\0005\000K\000,\0001\0003\000P\000\051}{section.3.15}% 191
\BOOKMARK [0][-]{chapter.4}{\376\377\000B\000o\000o\000k\000\040\000I\000V\000\040\000\050\0001\0005\0008\000K\000,\0001\0005\0000\000P\000\051}{}% 192
\BOOKMARK [1][-]{section.4.1}{\376\377\000T\000h\000e\000\040\000D\000i\000s\000t\000r\000i\000b\000u\000t\000i\000o\000n\000\040\000o\000f\000\040\000P\000e\000r\000i\000o\000d\000s}{chapter.4}% 193
\BOOKMARK [1][-]{section.4.2}{\376\377\000T\000h\000e\000\040\000V\000i\000t\000a\000l\000\040\000S\000e\000c\000t\000o\000r}{chapter.4}% 194
\BOOKMARK [1][-]{section.4.3}{\376\377\000T\000h\000e\000\040\000D\000i\000s\000t\000r\000i\000b\000u\000t\000i\000o\000n\000\040\000o\000f\000\040\000D\000a\000y\000s}{chapter.4}% 195
\BOOKMARK [2][-]{section*.110}{\376\377\000T\000o\000\040\000F\000i\000n\000d\000\040\000t\000h\000e\000\040\000D\000a\000y\000s\000\040\000o\000f\000\040\000E\000a\000c\000h\000\040\000S\000t\000a\000r}{section.4.3}% 196
\BOOKMARK [1][-]{section.4.4}{\376\377\000T\000h\000e\000\040\000D\000i\000s\000t\000r\000i\000b\000u\000t\000i\000o\000n\000\040\000o\000f\000\040\000t\000h\000e\000\040\000C\000h\000r\000o\000n\000o\000c\000r\000a\000t\000o\000r\000s\000h\000i\000p\000s\000\040\000S\000t\000a\000r\000t\000i\000n\000g\000\040\000w\000i\000t\000h\000\040\000t\000h\000e\000\040\000L\000o\000t\000\040\000o\000f\000\040\000F\000o\000r\000t\000u\000n\000e\000\040\000a\000n\000d\000\040\000w\000i\000t\000h\000\040\000D\000a\000i\000m\000o\000n\000.}{chapter.4}% 197
\BOOKMARK [1][-]{section.4.5}{\376\377\000M\000a\000k\000i\000n\000g\000\040\000C\000o\000n\000n\000e\000c\000t\000i\000o\000n\000s\000.\000\040\000T\000h\000e\000\040\000M\000u\000t\000u\000a\000l\000\040\000T\000r\000a\000n\000s\000m\000i\000s\000s\000i\000o\000n\000s\000\040\000o\000f\000\040\000t\000h\000e\000\040\000S\000t\000a\000r\000s\000.}{chapter.4}% 198
\BOOKMARK [1][-]{section.4.6}{\376\377\000H\000o\000w\000\040\000M\000a\000n\000y\000\040\000Y\000e\000a\000r\000s\000\040\000E\000a\000c\000h\000\040\000S\000i\000g\000n\000\040\000A\000l\000l\000o\000t\000s\000.\000\040\000T\000h\000e\000\040\000M\000a\000x\000i\000m\000u\000m\000\040\000Y\000e\000a\000r\000s\000\040\000o\000f\000\040\000E\000a\000c\000h\000\040\000S\000t\000a\000r\000.}{chapter.4}% 199
\BOOKMARK [1][-]{section.4.7}{\376\377\000T\000h\000e\000\040\000D\000i\000s\000t\000r\000i\000b\000u\000t\000i\000o\000n\000\040\000o\000f\000\040\000t\000h\000e\000\040\000C\000h\000r\000o\000n\000o\000c\000r\000a\000t\000o\000r\000s\000h\000i\000p\000s\000\040\000U\000s\000i\000n\000g\000\040\000t\000h\000e\000\040\000L\000o\000t\000\040\000o\000f\000\040\000F\000o\000r\000t\000u\000n\000e\000\040\000a\000n\000d\000\040\000D\000a\000i\000m\000o\000n\000.\000\040\000T\000h\000e\000\040\000T\000r\000a\000n\000s\000i\000t\000s\000\040\000o\000f\000\040\000t\000h\000e\000\040\000S\000t\000a\000r\000s\000\040\000a\000n\000d\000\040\000H\000o\000u\000s\000e\000r\000u\000l\000e\000r\000s\000.\000\040\000T\000h\000e\000\040\000N\000e\000w\000\040\000a\000n\000d\000\040\000F\000u\000l\000l\000\040\000M\000o\000o\000n\000,\000\040\000w\000i\000t\000h\000\040\000E\000x\000a\000m\000p\000l\000e\000s\000.\000\040\000M\000u\000t\000u\000a\000l\000\040\000T\000r\000a\000n\000s\000m\000i\000s\000s\000i\000o\000n\000.}{chapter.4}% 200
\BOOKMARK [1][-]{section.4.8}{\376\377\000A\000\040\000C\000o\000m\000p\000e\000l\000l\000i\000n\000g\000\040\000E\000x\000a\000m\000p\000l\000e}{chapter.4}% 201
\BOOKMARK [1][-]{section.4.9}{\376\377\000T\000h\000e\000\040\000U\000n\000i\000v\000e\000r\000s\000a\000l\000\040\000Y\000e\000a\000r\000.\000\040\000T\000h\000e\000\040\000Y\000e\000a\000r\000\040\000w\000i\000t\000h\000\040\000R\000e\000s\000p\000e\000c\000t\000\040\000t\000o\000\040\000t\000h\000e\000\040\000D\000i\000s\000t\000r\000i\000b\000u\000t\000i\000o\000n\000:\000\040\000H\000o\000w\000\040\000M\000a\000n\000y\000\040\000D\000a\000y\000s\000\040\000I\000t\000\040\000H\000a\000s\000\040\000a\000n\000d\000\040\000H\000o\000w\000\040\000I\000t\000\040\000M\000u\000s\000t\000\040\000B\000e\000\040\000C\000a\000l\000c\000u\000l\000a\000t\000e\000d\000.}{chapter.4}% 202
\BOOKMARK [1][-]{section.4.10}{\376\377\000T\000h\000e\000\040\000B\000r\000e\000a\000k\000d\000o\000w\000n\000\040\000i\000n\000t\000o\000\040\000L\000o\000n\000g\000e\000r\000\040\000a\000n\000d\000\040\000S\000h\000o\000r\000t\000e\000r\000\040\000P\000e\000r\000i\000o\000d\000s\000:\000\040\000t\000h\000e\000\040\000Y\000e\000a\000r\000s\000,\000\040\000M\000o\000n\000t\000h\000s\000,\000\040\000D\000a\000y\000s\000\040\000a\000n\000d\000\040\000H\000o\000u\000r\000s\000\040\000o\000f\000\040\000E\000a\000c\000h\000\040\000S\000t\000a\000r\000.\000\040\000T\000h\000e\000\040\000U\000s\000e\000\040\000o\000f\000\040\000T\000h\000e\000s\000e\000\040\000P\000e\000r\000i\000o\000d\000s\000\040\000i\000n\000\040\000N\000a\000t\000i\000v\000i\000t\000i\000e\000s\000.}{chapter.4}% 203
\BOOKMARK [1][-]{section.4.11}{\376\377\000T\000h\000e\000\040\000O\000p\000e\000r\000a\000t\000i\000v\000e\000\040\000Y\000e\000a\000r\000\040\000a\000n\000d\000\040\000t\000h\000e\000\040\000M\000e\000t\000h\000o\000d\000\040\000o\000f\000\040\000F\000r\000a\000c\000t\000i\000o\000n\000s\000.}{chapter.4}% 204
\BOOKMARK [1][-]{section.4.12}{\376\377\000T\000h\000e\000\040\000N\000a\000m\000e\000s\000\040\000o\000f\000\040\000t\000h\000e\000\040\000T\000w\000e\000l\000v\000e\000\040\000P\000l\000a\000c\000e\000s\000.\000\040\000T\000h\000e\000\040\000T\000w\000e\000l\000v\000e\000-\000F\000o\000l\000d\000\040\000D\000i\000v\000i\000s\000i\000o\000n\000.}{chapter.4}% 205
\BOOKMARK [1][-]{section.4.13}{\376\377\000T\000h\000e\000\040\000T\000r\000a\000n\000s\000m\000i\000s\000s\000i\000o\000n\000\040\000F\000r\000o\000m\000\040\000a\000n\000\040\000E\000x\000a\000l\000t\000a\000t\000i\000o\000n\000\040\000t\000o\000\040\000a\000n\000\040\000E\000x\000a\000l\000t\000a\000t\000i\000o\000n\000.}{chapter.4}% 206
\BOOKMARK [1][-]{section.4.14}{\376\377\000T\000h\000e\000\040\000P\000h\000a\000s\000e\000s\000\040\000a\000n\000d\000\040\000T\000r\000a\000n\000s\000i\000t\000s\000\040\000o\000f\000\040\000t\000h\000e\000\040\000S\000t\000a\000r\000s\000.}{chapter.4}% 207
\BOOKMARK [1][-]{section.4.15}{\376\377\000T\000h\000e\000\040\000I\000I\000I\000\040\000P\000l\000a\000c\000e\000\040\000a\000n\000d\000\040\000t\000h\000e\000\040\000I\000X\000\040\000P\000l\000a\000c\000e\000\040\000f\000r\000o\000m\000\040\000t\000h\000e\000\040\000A\000s\000c\000e\000n\000d\000a\000n\000t\000.}{chapter.4}% 208
\BOOKMARK [1][-]{section.4.16}{\376\377\000N\000a\000t\000i\000v\000i\000t\000i\000e\000s\000\040\000o\000f\000\040\000V\000a\000r\000y\000i\000n\000g\000\040\000F\000o\000r\000t\000u\000n\000e\000s\000.}{chapter.4}% 209
\BOOKMARK [1][-]{section.4.17}{\376\377\000T\000h\000e\000\040\000T\000r\000a\000n\000s\000m\000i\000s\000s\000i\000o\000n\000s\000\040\000o\000f\000\040\000t\000h\000e\000\040\000S\000t\000a\000r\000s\000\040\000a\000n\000d\000\040\000t\000h\000e\000\040\000A\000s\000c\000e\000n\000d\000a\000n\000t\000.\000\040\000T\000h\000e\000\040\000R\000e\000s\000u\000l\000t\000s\000.}{chapter.4}% 210
\BOOKMARK [2][-]{section*.111}{\376\377\000[\000T\000h\000e\000\040\000D\000i\000s\000t\000r\000i\000b\000u\000t\000i\000o\000n\000s\000\040\000o\000f\000\040\000t\000h\000e\000\040\000S\000u\000n\000]}{section.4.17}% 211
\BOOKMARK [1][-]{section.4.18}{\376\377\000T\000h\000e\000\040\000D\000i\000s\000t\000r\000i\000b\000u\000t\000i\000o\000n\000s\000\040\000o\000f\000\040\000t\000h\000e\000\040\000M\000o\000o\000n\000.}{chapter.4}% 212
\BOOKMARK [1][-]{section.4.19}{\376\377\000D\000i\000s\000t\000r\000i\000b\000u\000t\000i\000o\000n\000s\000\040\000o\000f\000\040\000t\000h\000e\000\040\000A\000s\000c\000e\000n\000d\000a\000n\000t}{chapter.4}% 213
\BOOKMARK [1][-]{section.4.20}{\376\377\000T\000h\000e\000\040\000D\000i\000s\000t\000r\000i\000b\000u\000t\000i\000o\000n\000s\000\040\000o\000f\000\040\000S\000a\000t\000u\000r\000n}{chapter.4}% 214
\BOOKMARK [1][-]{section.4.21}{\376\377\000T\000h\000e\000\040\000D\000i\000s\000t\000r\000i\000b\000u\000t\000i\000o\000n\000s\000\040\000o\000f\000\040\000J\000u\000p\000i\000t\000e\000r}{chapter.4}% 215
\BOOKMARK [1][-]{section.4.22}{\376\377\000T\000h\000e\000\040\000D\000i\000s\000t\000r\000i\000b\000u\000t\000i\000o\000n\000s\000\040\000o\000f\000\040\000M\000a\000r\000s}{chapter.4}% 216
\BOOKMARK [1][-]{section.4.23}{\376\377\000T\000h\000e\000\040\000D\000i\000s\000t\000r\000i\000b\000u\000t\000i\000o\000n\000s\000\040\000o\000f\000\040\000V\000e\000n\000u\000s}{chapter.4}% 217
\BOOKMARK [1][-]{section.4.24}{\376\377\000T\000h\000e\000\040\000D\000i\000s\000t\000r\000i\000b\000u\000t\000i\000o\000n\000s\000\040\000o\000f\000\040\000M\000e\000r\000c\000u\000r\000y}{chapter.4}% 218
\BOOKMARK [1][-]{section.4.25}{\376\377\000T\000h\000e\000\040\000D\000i\000s\000t\000r\000i\000b\000u\000t\000i\000o\000n\000s\000\040\000o\000f\000\040\000t\000h\000e\000\040\000F\000o\000u\000r\000\040\000L\000o\000t\000s}{chapter.4}% 219
\BOOKMARK [1][-]{section.4.26}{\376\377\000T\000h\000e\000\040\000O\000n\000e\000-\000f\000o\000u\000r\000t\000h\000\040\000[\000M\000e\000t\000h\000o\000d\000]\000\040\000f\000o\000r\000\040\000t\000h\000e\000\040\000D\000i\000s\000t\000r\000i\000b\000u\000t\000i\000o\000n\000\040\000o\000f\000\040\000t\000h\000e\000\040\000C\000h\000r\000o\000n\000o\000c\000r\000a\000t\000o\000r\000s\000h\000i\000p\000s\000\040\000A\000c\000c\000o\000r\000d\000i\000n\000g\000\040\000t\000o\000\040\000t\000h\000e\000\040\000S\000p\000h\000e\000r\000e\000s\000\040\000U\000p\000w\000a\000r\000d\000s\040\024\000A\000c\000c\000o\000r\000d\000i\000n\000g\000\040\000t\000o\000\040\000C\000r\000i\000t\000o\000d\000e\000m\000u\000s}{chapter.4}% 220
\BOOKMARK [1][-]{section.4.27}{\376\377\000A\000n\000o\000t\000h\000e\000r\000\040\000M\000e\000t\000h\000o\000d\000\040\000f\000o\000r\000\040\000Y\000e\000a\000r\000s\000,\000\040\000f\000r\000o\000m\000\040\000S\000e\000u\000t\000h\000o\000s\000.\000\040\000T\000h\000e\000\040\000S\000c\000h\000o\000o\000l\000\040\000o\000f\000\040\000H\000e\000r\000m\000e\000i\000o\000s\000,\000\040\000W\000h\000i\000c\000h\000\040\000S\000t\000a\000r\000t\000s\000\040\000f\000r\000o\000m\000\040\000t\000h\000e\000\040\000S\000u\000n\000,\000\040\000t\000h\000e\000\040\000M\000o\000o\000n\000,\000\040\000t\000h\000e\000\040\000A\000s\000c\000e\000n\000d\000a\000n\000t\000,\000\040\000o\000r\000\040\000t\000h\000e\000\040\000L\000o\000t\000\040\000o\000f\000\040\000F\000o\000r\000t\000u\000n\000e}{chapter.4}% 221
\BOOKMARK [1][-]{section.4.28}{\376\377\000T\000h\000e\000\040\000P\000o\000s\000i\000t\000i\000o\000n\000\040\000o\000f\000\040\000t\000h\000e\000\040\000M\000o\000n\000t\000h}{chapter.4}% 222
\BOOKMARK [1][-]{section.4.29}{\376\377\000T\000h\000e\000\040\000C\000a\000l\000c\000u\000l\000a\000t\000i\000o\000n\000\040\000o\000f\000\040\000t\000h\000e\000\040\000D\000a\000y\000s}{chapter.4}% 223
\BOOKMARK [1][-]{section.4.30}{\376\377\000P\000r\000o\000p\000i\000t\000i\000o\000u\000s\000\040\000a\000n\000d\000\040\000I\000m\000p\000r\000o\000p\000i\000t\000i\000o\000u\000s\000\040\000C\000h\000r\000o\000n\000o\000c\000r\000a\000t\000o\000r\000s\000h\000i\000p\000s\000\040\000w\000i\000t\000h\000\040\000R\000e\000f\000e\000r\000e\000n\000c\000e\000\040\000t\000o\000\040\000t\000h\000e\000\040\000O\000n\000e\000-\000F\000o\000u\000r\000t\000h\000-\000P\000a\000r\000t\000\040\000o\000f\000\040\000t\000h\000e\000\040\000C\000y\000c\000l\000e}{chapter.4}% 224
\BOOKMARK [0][-]{chapter.5}{\376\377\000B\000o\000o\000k\000\040\000V\000\040\000\050\0002\0000\0008\000K\000,\0001\0009\0008\000P\000\051}{}% 225
\BOOKMARK [1][-]{section.5.1}{\376\377\000T\000h\000e\000\040\000C\000r\000i\000s\000i\000s\000\040\000P\000r\000o\000d\000u\000c\000i\000n\000g\000\040\000P\000l\000a\000c\000e}{chapter.5}% 226
\BOOKMARK [1][-]{section.5.2}{\376\377\000T\000h\000e\000\040\000C\000r\000i\000t\000i\000c\000a\000l\000\040\000Y\000e\000a\000r\000.\000\040\000T\000h\000e\000\040\000E\000c\000l\000i\000p\000t\000i\000c\000\040\000P\000l\000a\000c\000e\000.}{chapter.5}% 227
\BOOKMARK [1][-]{section.5.3}{\376\377\000I\000n\000i\000t\000i\000a\000t\000i\000v\000e\000s\000\040\000[\000E\000l\000e\000c\000t\000i\000o\000n\000s\000]}{chapter.5}% 228
\BOOKMARK [1][-]{section.5.4}{\376\377\000C\000r\000i\000t\000i\000c\000a\000l\000\040\000S\000i\000g\000n\000s\000\040\000\050\0004\000K\000,\000\040\0003\000P\000\051}{chapter.5}% 229
\BOOKMARK [1][-]{section.5.5}{\376\377\000T\000h\000e\000\040\000R\000e\000c\000a\000s\000t\000i\000n\000g\000\040\000o\000f\000\040\000a\000\040\000H\000o\000r\000o\000s\000c\000o\000p\000e\000\040\000w\000i\000t\000h\000\040\000R\000e\000f\000e\000r\000e\000n\000c\000e\000\040\000t\000o\000\040\000t\000h\000e\000\040\000T\000o\000p\000i\000c\000\040\000o\000f\000\040\000P\000r\000o\000p\000i\000t\000i\000o\000u\000s\000\040\000a\000n\000d\000\040\000I\000m\000p\000r\000o\000p\000i\000t\000i\000o\000u\000s\000\040\000[\000T\000i\000m\000e\000s\000]}{chapter.5}% 230
\BOOKMARK [1][-]{section.5.6}{\376\377\000T\000h\000e\000\040\000O\000p\000e\000r\000a\000t\000i\000v\000e\000\040\000M\000o\000n\000t\000h\000:\000\040\000F\000o\000r\000\040\000D\000a\000y\000\040\000B\000i\000r\000t\000h\000s\000,\000\040\000F\000r\000o\000m\000\040\000t\000h\000e\000\040\000C\000u\000r\000r\000e\000n\000t\000\040\000S\000u\000n\000\040\000t\000o\000\040\000t\000h\000e\000\040\000M\000o\000o\000n\000\040\000a\000t\000\040\000B\000i\000r\000t\000h\000,\000\040\000a\000n\000d\000\040\000t\000h\000e\000\040\000S\000a\000m\000e\000\040\000D\000i\000s\000t\000a\000n\000c\000e\000\040\000f\000r\000o\000m\000\040\000t\000h\000e\000\040\000A\000s\000c\000e\000n\000d\000a\000n\000t\000\040\000\050\0006\000K\000,\000\040\0004\000P\000\051}{chapter.5}% 231
\BOOKMARK [1][-]{section.5.7}{\376\377\000T\000h\000e\000\040\000O\000p\000e\000r\000a\000t\000i\000v\000e\000\040\000a\000n\000d\000\040\000t\000h\000e\000\040\000I\000n\000a\000u\000s\000p\000i\000c\000i\000o\000u\000s\000\040\000D\000a\000y\000.\000\040\000T\000h\000i\000s\000\040\000i\000s\000\040\000t\000h\000e\000\040\000R\000e\000a\000l\000\040\000D\000i\000s\000t\000r\000i\000b\000u\000t\000i\000o\000n\000\040\000o\000f\000\040\000t\000h\000e\000\040\000D\000a\000y\000s}{chapter.5}% 232
\BOOKMARK [1][-]{section.5.8}{\376\377\000T\000h\000e\000\040\000I\000n\000c\000l\000i\000n\000a\000t\000i\000o\000n\000s\000\040\000o\000f\000\040\000t\000h\000e\000\040\000M\000o\000o\000n\000\040\000A\000t\000\040\000t\000h\000e\000\040\000F\000i\000r\000s\000t\000\040\000o\000f\000\040\000t\000h\000e\000\040\000M\000o\000n\000t\000h\000,\000\040\000S\000t\000a\000r\000t\000i\000n\000g\000\040\000w\000i\000t\000h\000\040\000L\000e\000o\000,\000\040\000t\000h\000e\000n\000\040\000t\000h\000e\000\040\000O\000t\000h\000e\000r\000s\000\040\000S\000i\000g\000n\000s\000\040\000i\000n\000\040\000O\000r\000d\000e\000r}{chapter.5}% 233
